1: H 1: started
2: H 2: started
3: H 3: started
4: H 4: started
5: H 5: started
6: H 6: started
7: O 1: started
8: O 2: started
9: O 3: started
10: H 1: going to queue
11: H 2: going to queue
12: H 3: going to queue
13: H 4: going to queue
14: H 5: going to queue
15: H 6: going to queue
16: O 1: going to queue
17: O 1 creating molecule 1
18: H 2: creating molecule 1
19: H 1: creating molecule 1
20: O 2: going to queue
21: H 4: creating molecule 2
22: O 2 creating molecule 2
23: H 3: creating molecule 2
24: O 3: going to queue
25: O 3 creating molecule 3
26: H 5: creating molecule 3
27: H 6: creating molecule 3
